[INFO ] 2024-08-05 17:27:33.183 [main] Version - HHH000412: Hibernate ORM core version 5.6.0.Final
[INFO ] 2024-08-05 17:27:33.513 [main] Version - HCANN000001: Hibernate Commons Annotations {5.1.2.Final}
[WARN ] 2024-08-05 17:27:33.622 [main] pooling - HHH10001002: Using Hibernate built-in connection pool (not for production use!)
[INFO ] 2024-08-05 17:27:33.629 [main] pooling - HHH10001005: using driver [com.mysql.jdbc.Driver] at URL [jdbc:mysql://localhost/employeeManagement]
[INFO ] 2024-08-05 17:27:33.629 [main] pooling - HHH10001001: Connection properties: {user=root}
[INFO ] 2024-08-05 17:27:33.630 [main] pooling - HHH10001003: Autocommit mode: false
[INFO ] 2024-08-05 17:27:33.635 [main] DriverManagerConnectionProviderImpl - HHH000115: Hibernate connection pool size: 20 (min=1)
[INFO ] 2024-08-05 17:27:33.839 [main] Dialect - HHH000400: Using dialect: org.hibernate.dialect.MySQL8Dialect
[INFO ] 2024-08-05 17:27:34.396 [main] access - HHH10001501: Connection obtained from JdbcConnectionAccess [org.hibernate.engine.jdbc.env.internal.JdbcEnvironmentInitiator$ConnectionProviderJdbcConnectionAccess@648c5fb3] for (non-JTA) DDL execution was not in auto-commit mode; the Connection 'local transaction' will be committed and the Connection will be set into auto-commit mode.
[INFO ] 2024-08-05 17:27:34.500 [main] JtaPlatformInitiator - HHH000490: Using JtaPlatform implementation: [org.hibernate.engine.transaction.jta.platform.internal.NoJtaPlatform]
[INFO ] 2024-08-05 17:27:34.578 [main] EmployeeController - Bank Details added successfully
[INFO ] 2024-08-05 17:30:53.983 [main] Version - HHH000412: Hibernate ORM core version 5.6.0.Final
[INFO ] 2024-08-05 17:30:54.313 [main] Version - HCANN000001: Hibernate Commons Annotations {5.1.2.Final}
[WARN ] 2024-08-05 17:30:54.422 [main] pooling - HHH10001002: Using Hibernate built-in connection pool (not for production use!)
[INFO ] 2024-08-05 17:30:54.428 [main] pooling - HHH10001005: using driver [com.mysql.jdbc.Driver] at URL [jdbc:mysql://localhost/employeeManagement]
[INFO ] 2024-08-05 17:30:54.428 [main] pooling - HHH10001001: Connection properties: {user=root}
[INFO ] 2024-08-05 17:30:54.429 [main] pooling - HHH10001003: Autocommit mode: false
[INFO ] 2024-08-05 17:30:54.435 [main] DriverManagerConnectionProviderImpl - HHH000115: Hibernate connection pool size: 20 (min=1)
[INFO ] 2024-08-05 17:30:54.602 [main] Dialect - HHH000400: Using dialect: org.hibernate.dialect.MySQL8Dialect
[INFO ] 2024-08-05 17:30:55.152 [main] access - HHH10001501: Connection obtained from JdbcConnectionAccess [org.hibernate.engine.jdbc.env.internal.JdbcEnvironmentInitiator$ConnectionProviderJdbcConnectionAccess@151ab2b9] for (non-JTA) DDL execution was not in auto-commit mode; the Connection 'local transaction' will be committed and the Connection will be set into auto-commit mode.
[INFO ] 2024-08-05 17:30:55.273 [main] JtaPlatformInitiator - HHH000490: Using JtaPlatform implementation: [org.hibernate.engine.transaction.jta.platform.internal.NoJtaPlatform]
[INFO ] 2024-08-05 17:30:55.355 [main] EmployeeController - Bank Details added successfully
[INFO ] 2024-08-05 17:30:58.153 [main] EmployeeController - Employee added successfully.
[INFO ] 2024-08-05 17:34:38.887 [main] Version - HHH000412: Hibernate ORM core version 5.6.0.Final
[INFO ] 2024-08-05 17:34:39.272 [main] Version - HCANN000001: Hibernate Commons Annotations {5.1.2.Final}
[WARN ] 2024-08-05 17:34:39.381 [main] pooling - HHH10001002: Using Hibernate built-in connection pool (not for production use!)
[INFO ] 2024-08-05 17:34:39.382 [main] pooling - HHH10001005: using driver [com.mysql.jdbc.Driver] at URL [jdbc:mysql://localhost/employeeManagement]
[INFO ] 2024-08-05 17:34:39.382 [main] pooling - HHH10001001: Connection properties: {user=root}
[INFO ] 2024-08-05 17:34:39.382 [main] pooling - HHH10001003: Autocommit mode: false
[INFO ] 2024-08-05 17:34:39.392 [main] DriverManagerConnectionProviderImpl - HHH000115: Hibernate connection pool size: 20 (min=1)
[INFO ] 2024-08-05 17:34:39.548 [main] Dialect - HHH000400: Using dialect: org.hibernate.dialect.MySQL8Dialect
[INFO ] 2024-08-05 17:34:40.095 [main] access - HHH10001501: Connection obtained from JdbcConnectionAccess [org.hibernate.engine.jdbc.env.internal.JdbcEnvironmentInitiator$ConnectionProviderJdbcConnectionAccess@7126e26] for (non-JTA) DDL execution was not in auto-commit mode; the Connection 'local transaction' will be committed and the Connection will be set into auto-commit mode.
[INFO ] 2024-08-05 17:34:40.203 [main] JtaPlatformInitiator - HHH000490: Using JtaPlatform implementation: [org.hibernate.engine.transaction.jta.platform.internal.NoJtaPlatform]
[INFO ] 2024-08-05 17:34:40.292 [main] EmployeeController - Bank Details added successfully
[INFO ] 2024-08-05 17:34:42.394 [main] EmployeeController - Employee added successfully.
[INFO ] 2024-08-05 17:51:42.433 [main] EmployeeController - Add Employee Records
[INFO ] 2024-08-05 17:52:18.204 [main] Version - HHH000412: Hibernate ORM core version 5.6.0.Final
[INFO ] 2024-08-05 17:52:18.534 [main] Version - HCANN000001: Hibernate Commons Annotations {5.1.2.Final}
[WARN ] 2024-08-05 17:52:18.632 [main] pooling - HHH10001002: Using Hibernate built-in connection pool (not for production use!)
[INFO ] 2024-08-05 17:52:18.646 [main] pooling - HHH10001005: using driver [com.mysql.jdbc.Driver] at URL [jdbc:mysql://localhost/employeeManagement]
[INFO ] 2024-08-05 17:52:18.647 [main] pooling - HHH10001001: Connection properties: {user=root}
[INFO ] 2024-08-05 17:52:18.650 [main] pooling - HHH10001003: Autocommit mode: false
[INFO ] 2024-08-05 17:52:18.653 [main] DriverManagerConnectionProviderImpl - HHH000115: Hibernate connection pool size: 20 (min=1)
[INFO ] 2024-08-05 17:52:18.821 [main] Dialect - HHH000400: Using dialect: org.hibernate.dialect.MySQL8Dialect
[INFO ] 2024-08-05 17:52:19.391 [main] access - HHH10001501: Connection obtained from JdbcConnectionAccess [org.hibernate.engine.jdbc.env.internal.JdbcEnvironmentInitiator$ConnectionProviderJdbcConnectionAccess@19489b27] for (non-JTA) DDL execution was not in auto-commit mode; the Connection 'local transaction' will be committed and the Connection will be set into auto-commit mode.
[INFO ] 2024-08-05 17:52:19.501 [main] JtaPlatformInitiator - HHH000490: Using JtaPlatform implementation: [org.hibernate.engine.transaction.jta.platform.internal.NoJtaPlatform]
[INFO ] 2024-08-05 17:52:19.581 [main] EmployeeController - Bank Details added successfully
[INFO ] 2024-08-05 17:52:21.814 [main] EmployeeController - Employee added successfully.
[INFO ] 2024-08-05 17:52:26.453 [main] EmployeeController - Displayed successfully
[INFO ] 2024-08-05 17:52:26.469 [main] EmployeeController - Displayed successfully
[INFO ] 2024-08-05 17:52:26.475 [main] EmployeeController - Displayed successfully
[INFO ] 2024-08-05 17:52:26.482 [main] EmployeeController - Displayed successfully
[INFO ] 2024-08-05 17:52:26.484 [main] EmployeeController - Displayed successfully
[INFO ] 2024-08-05 17:52:26.497 [main] EmployeeController - Displayed successfully
[INFO ] 2024-08-05 17:52:26.502 [main] EmployeeController - Displayed successfully
[INFO ] 2024-08-05 17:52:26.506 [main] EmployeeController - Displayed successfully
[INFO ] 2024-08-05 17:52:26.513 [main] EmployeeController - Displayed successfully
[INFO ] 2024-08-05 17:52:26.519 [main] EmployeeController - Displayed successfully
[INFO ] 2024-08-05 17:52:26.522 [main] EmployeeController - Displayed successfully
[WARN ] 2024-08-05 17:52:37.103 [main] EmployeeController - Employee with ID not found.
[INFO ] 2024-08-05 17:53:02.862 [main] EmployeeController - Updating records: 
[INFO ] 2024-08-05 17:53:13.582 [main] EmployeeController - Employee bank details successfully updated
[INFO ] 2024-08-05 17:53:13.593 [main] EmployeeController - Employee updated successfully.
[INFO ] 2024-08-05 21:18:56.855 [main] EmployeeController - Add Employee Records
[INFO ] 2024-08-05 21:19:37.644 [main] Version - HHH000412: Hibernate ORM core version 5.6.0.Final
[INFO ] 2024-08-05 21:19:38.056 [main] Version - HCANN000001: Hibernate Commons Annotations {5.1.2.Final}
[WARN ] 2024-08-05 21:19:38.190 [main] pooling - HHH10001002: Using Hibernate built-in connection pool (not for production use!)
[INFO ] 2024-08-05 21:19:38.203 [main] pooling - HHH10001005: using driver [com.mysql.jdbc.Driver] at URL [jdbc:mysql://localhost/employeeManagement]
[INFO ] 2024-08-05 21:19:38.204 [main] pooling - HHH10001001: Connection properties: {user=root}
[INFO ] 2024-08-05 21:19:38.204 [main] pooling - HHH10001003: Autocommit mode: false
[INFO ] 2024-08-05 21:19:38.206 [main] DriverManagerConnectionProviderImpl - HHH000115: Hibernate connection pool size: 20 (min=1)
[INFO ] 2024-08-05 21:19:38.413 [main] Dialect - HHH000400: Using dialect: org.hibernate.dialect.MySQL8Dialect
[INFO ] 2024-08-05 21:19:39.174 [main] access - HHH10001501: Connection obtained from JdbcConnectionAccess [org.hibernate.engine.jdbc.env.internal.JdbcEnvironmentInitiator$ConnectionProviderJdbcConnectionAccess@19489b27] for (non-JTA) DDL execution was not in auto-commit mode; the Connection 'local transaction' will be committed and the Connection will be set into auto-commit mode.
[INFO ] 2024-08-05 21:19:39.347 [main] JtaPlatformInitiator - HHH000490: Using JtaPlatform implementation: [org.hibernate.engine.transaction.jta.platform.internal.NoJtaPlatform]
[INFO ] 2024-08-05 21:19:39.465 [main] EmployeeController - Bank Details added successfully
[INFO ] 2024-08-05 21:19:42.589 [main] EmployeeController - Employee added successfully.
[WARN ] 2024-08-05 21:19:51.558 [main] EmployeeController - Employee with ID not found.
[WARN ] 2024-08-05 21:20:01.872 [main] EmployeeController - Account id doesnot exist
[INFO ] 2024-08-05 21:27:42.427 [main] EmployeeController - Add Employee Records
[INFO ] 2024-08-05 21:28:39.188 [main] Version - HHH000412: Hibernate ORM core version 5.6.0.Final
[INFO ] 2024-08-05 21:28:39.638 [main] Version - HCANN000001: Hibernate Commons Annotations {5.1.2.Final}
[WARN ] 2024-08-05 21:28:39.783 [main] pooling - HHH10001002: Using Hibernate built-in connection pool (not for production use!)
[INFO ] 2024-08-05 21:28:39.792 [main] pooling - HHH10001005: using driver [com.mysql.jdbc.Driver] at URL [jdbc:mysql://localhost/employeeManagement]
[INFO ] 2024-08-05 21:28:39.793 [main] pooling - HHH10001001: Connection properties: {user=root}
[INFO ] 2024-08-05 21:28:39.794 [main] pooling - HHH10001003: Autocommit mode: false
[INFO ] 2024-08-05 21:28:39.800 [main] DriverManagerConnectionProviderImpl - HHH000115: Hibernate connection pool size: 20 (min=1)
[INFO ] 2024-08-05 21:28:40.022 [main] Dialect - HHH000400: Using dialect: org.hibernate.dialect.MySQL8Dialect
[INFO ] 2024-08-05 21:28:40.775 [main] access - HHH10001501: Connection obtained from JdbcConnectionAccess [org.hibernate.engine.jdbc.env.internal.JdbcEnvironmentInitiator$ConnectionProviderJdbcConnectionAccess@626d2016] for (non-JTA) DDL execution was not in auto-commit mode; the Connection 'local transaction' will be committed and the Connection will be set into auto-commit mode.
[INFO ] 2024-08-05 21:28:40.962 [main] JtaPlatformInitiator - HHH000490: Using JtaPlatform implementation: [org.hibernate.engine.transaction.jta.platform.internal.NoJtaPlatform]
[INFO ] 2024-08-05 21:28:41.085 [main] EmployeeController - Bank Details added successfully
[INFO ] 2024-08-05 21:28:45.339 [main] EmployeeController - Employee added successfully.
[INFO ] 2024-08-05 21:35:01.881 [main] EmployeeController - Add Employee Records
[INFO ] 2024-08-05 21:35:56.252 [main] Version - HHH000412: Hibernate ORM core version 5.6.0.Final
[INFO ] 2024-08-05 21:35:56.630 [main] Version - HCANN000001: Hibernate Commons Annotations {5.1.2.Final}
[WARN ] 2024-08-05 21:35:56.764 [main] pooling - HHH10001002: Using Hibernate built-in connection pool (not for production use!)
[INFO ] 2024-08-05 21:35:56.776 [main] pooling - HHH10001005: using driver [com.mysql.jdbc.Driver] at URL [jdbc:mysql://localhost/employeeManagement]
[INFO ] 2024-08-05 21:35:56.777 [main] pooling - HHH10001001: Connection properties: {user=root}
[INFO ] 2024-08-05 21:35:56.778 [main] pooling - HHH10001003: Autocommit mode: false
[INFO ] 2024-08-05 21:35:56.781 [main] DriverManagerConnectionProviderImpl - HHH000115: Hibernate connection pool size: 20 (min=1)
[INFO ] 2024-08-05 21:35:56.987 [main] Dialect - HHH000400: Using dialect: org.hibernate.dialect.MySQL8Dialect
[INFO ] 2024-08-05 21:35:57.684 [main] access - HHH10001501: Connection obtained from JdbcConnectionAccess [org.hibernate.engine.jdbc.env.internal.JdbcEnvironmentInitiator$ConnectionProviderJdbcConnectionAccess@626d2016] for (non-JTA) DDL execution was not in auto-commit mode; the Connection 'local transaction' will be committed and the Connection will be set into auto-commit mode.
[INFO ] 2024-08-05 21:35:57.866 [main] JtaPlatformInitiator - HHH000490: Using JtaPlatform implementation: [org.hibernate.engine.transaction.jta.platform.internal.NoJtaPlatform]
[INFO ] 2024-08-05 21:35:57.983 [main] EmployeeController - Bank Details added successfully
[INFO ] 2024-08-05 21:36:00.379 [main] EmployeeController - Employee added successfully.
[INFO ] 2024-08-05 22:34:54.783 [main] EmployeeController - Add Employee Records
[INFO ] 2024-08-05 22:36:40.404 [main] EmployeeController - Bank Details added successfully
[INFO ] 2024-08-05 22:36:52.527 [main] EmployeeController - Employee added successfully.
[INFO ] 2024-08-05 22:43:58.363 [main] EmployeeController - Add Employee Records
[INFO ] 2024-08-05 22:44:35.857 [main] EmployeeController - Bank Details added successfully
[INFO ] 2024-08-05 22:44:39.330 [main] EmployeeController - Employee added successfully.
[INFO ] 2024-08-05 22:44:45.463 [main] EmployeeController - Add Employee Records
